TN:
SF:src\app.js
FN:48,(anonymous_0)
FN:60,(anonymous_1)
FNF:2
FNH:1
FNDA:1,(anonymous_0)
FNDA:0,(anonymous_1)
DA:3,3
DA:4,3
DA:5,3
DA:6,3
DA:7,3
DA:12,3
DA:13,3
DA:14,3
DA:20,3
DA:23,3
DA:26,3
DA:27,3
DA:30,3
DA:32,3
DA:35,3
DA:38,3
DA:41,3
DA:45,3
DA:48,3
DA:49,1
DA:60,3
DA:63,0
DA:64,0
DA:67,0
DA:68,0
DA:71,0
DA:81,3
LF:27
LH:22
BRDA:63,0,0,0
BRDA:63,0,1,0
BRDA:64,1,0,0
BRDA:64,1,1,0
BRDA:67,2,0,0
BRDA:67,2,1,0
BRF:6
BRH:0
end_of_record
TN:
SF:src\logger.js
FNF:0
FNH:0
DA:3,3
DA:4,3
DA:6,3
DA:9,3
DA:11,0
DA:20,3
DA:22,3
LF:7
LH:6
BRDA:6,0,0,3
BRDA:6,0,1,0
BRDA:9,1,0,0
BRDA:9,1,1,3
BRF:4
BRH:2
end_of_record
TN:
SF:src\response.js
FN:11,(anonymous_0)
FN:30,(anonymous_1)
FNF:2
FNH:2
FNDA:2,(anonymous_0)
FNDA:1,(anonymous_1)
DA:11,1
DA:12,2
DA:30,1
DA:31,1
LF:4
LH:4
BRF:0
BRH:0
end_of_record
TN:
SF:src\authorization\basic-auth.js
FN:15,(anonymous_0)
FN:24,(anonymous_1)
FNF:2
FNH:2
FNDA:3,(anonymous_0)
FNDA:3,(anonymous_1)
DA:6,3
DA:7,3
DA:8,3
DA:11,3
DA:12,0
DA:15,3
DA:18,3
DA:24,3
LF:8
LH:7
BRDA:11,0,0,0
BRDA:11,0,1,3
BRF:2
BRH:1
end_of_record
TN:
SF:src\authorization\index.js
FNF:0
FNH:0
DA:4,3
DA:5,0
DA:8,3
DA:9,3
DA:13,0
LF:5
LH:3
BRDA:4,0,0,0
BRDA:4,0,1,3
BRDA:4,1,0,3
BRDA:4,1,1,0
BRDA:8,2,0,3
BRDA:8,2,1,0
BRDA:8,3,0,3
BRDA:8,3,1,3
BRF:8
BRH:5
end_of_record
TN:
SF:src\routes\index.js
FN:21,(anonymous_0)
FNF:1
FNH:1
FNDA:4,(anonymous_0)
DA:3,3
DA:5,3
DA:7,3
DA:10,3
DA:15,3
DA:21,3
DA:23,4
DA:25,4
DA:34,3
LF:9
LH:9
BRF:0
BRH:0
end_of_record
TN:
SF:src\routes\api\get.js
FN:6,(anonymous_0)
FNF:1
FNH:0
FNDA:0,(anonymous_0)
DA:6,3
DA:8,0
LF:2
LH:1
BRF:0
BRH:0
end_of_record
TN:
SF:src\routes\api\index.js
FNF:0
FNH:0
DA:6,3
DA:9,3
DA:12,3
DA:16,3
LF:4
LH:4
BRF:0
BRH:0
end_of_record
